<?xml version="1.0" encoding="UTF-8"?>
<!-- Generated by org.testng.reporters.JUnitReportReporter -->
<testsuite hostname="DESKTOP-GRBOGON" failures="0" tests="2" name="testng_practice.skiptest" time="0.022" errors="0" timestamp="2021-07-15T11:50:45 IST" skipped="1">
  <testcase classname="testng_practice.skiptest" name="nonSkipTest" time="0.004"/>
  <system-out/>
  <testcase classname="testng_practice.skiptest" name="aSkipTest" time="0.018">
    <skipped/>
  </testcase> <!-- aSkipTest -->
  <system-out/>
</testsuite> <!-- testng_practice.skiptest -->
