<?xml version="1.0" encoding="UTF-8"?>
<!-- Generated by org.testng.reporters.JUnitReportReporter -->
<testsuite hostname="DESKTOP-GRBOGON" failures="0" tests="2" name="testng_practice.groupdemo" time="0.015" errors="0" timestamp="2021-07-15T12:26:06 IST" skipped="0">
  <testcase classname="testng_practice.groupdemo" name="perform" time="0.012"/>
  <system-out/>
  <testcase classname="testng_practice.groupdemo" name="perform_secondgroup" time="0.003"/>
  <system-out/>
</testsuite> <!-- testng_practice.groupdemo -->
