<?xml version="1.0" encoding="UTF-8"?>
<!-- Generated by org.testng.reporters.JUnitReportReporter -->
<testsuite hostname="DESKTOP-GRBOGON" failures="0" tests="3" name="testng_practice.dependson" time="0.014" errors="0" timestamp="2021-07-15T12:36:29 IST" skipped="0">
  <testcase classname="testng_practice.dependson" name="testCase2" time="0.010"/>
  <system-out/>
  <testcase classname="testng_practice.dependson" name="testCase3" time="0.002"/>
  <system-out/>
  <testcase classname="testng_practice.dependson" name="testCase1" time="0.002"/>
  <system-out/>
</testsuite> <!-- testng_practice.dependson -->
