<?xml version="1.0" encoding="UTF-8"?>
<!-- Generated by org.testng.reporters.JUnitReportReporter -->
<testsuite hostname="DESKTOP-GRBOGON" failures="0" tests="2" name="testng_practice.Ignore_testcase" time="0.012" errors="0" timestamp="2021-07-15T11:47:09 IST" skipped="1">
  <testcase classname="testng_practice.Ignore_testcase" name="print1" time="0.012"/>
  <system-out/>
  <testcase classname="testng_practice.Ignore_testcase" name="print">
    <skipped/>
  </testcase> <!-- print -->
  <system-out/>
</testsuite> <!-- testng_practice.Ignore_testcase -->
