<?xml version="1.0" encoding="UTF-8"?>
<!-- Generated by org.testng.reporters.JUnitReportReporter -->
<testsuite hostname="DESKTOP-GRBOGON" failures="0" tests="2" name="testng_practice.Dataprovider" time="0.010" errors="0" timestamp="2021-07-15T13:09:44 IST" skipped="0">
  <testcase classname="testng_practice.Dataprovider" name="loginTest" time="0.008"/>
  <system-out/>
  <testcase classname="testng_practice.Dataprovider" name="loginTest" time="0.002"/>
  <system-out/>
</testsuite> <!-- testng_practice.Dataprovider -->
