<?xml version="1.0" encoding="UTF-8"?>
<!-- Generated by org.testng.reporters.JUnitReportReporter -->
<testsuite hostname="DESKTOP-GRBOGON" failures="0" tests="3" name="testng_practice.parameterswithxml" time="0.024" errors="0" timestamp="2021-07-15T13:05:43 IST" skipped="0">
  <testcase classname="testng_practice.parameterswithxml" name="diff" time="0.003"/>
  <system-out/>
  <testcase classname="testng_practice.parameterswithxml" name="add" time="0.020"/>
  <system-out/>
  <testcase classname="testng_practice.parameterswithxml" name="div" time="0.001"/>
  <system-out/>
</testsuite> <!-- testng_practice.parameterswithxml -->
